<?xml version="1.0" encoding="UTF-8"?>
<!-- Generated by org.testng.reporters.JUnitXMLReporter -->
<testsuite hostname="MTC-20180624XMT" ignored="0" name="Selenium" tests="1" failures="1" timestamp="27 二月 2019 02:03:13 GMT" time="0.047" errors="0">
  <testcase name="asEqual" time="0.0" classname="configSelenium.Assert.AssertCase">
    <failure type="org.testng.TestNGException" message="
Parameter &amp;apos;actual&amp;apos; is required by @Test on method asEqual but has not been marked @Optional or defined
in C:\Users\Administrator\.IntelliJIdea2017.2\system\temp-testng-customsuite.xml">
      <![CDATA[org.testng.TestNGException: 
Parameter 'actual' is required by @Test on method asEqual but has not been marked @Optional or defined
in C:\Users\Administrator\.IntelliJIdea2017.2\system\temp-testng-customsuite.xml
... Removed 23 stack frames]]>
    </failure>
  </testcase> <!-- asEqual -->
</testsuite> <!-- Selenium -->
