<?xml version="1.0" encoding="UTF-8"?>
<!-- Generated by org.testng.reporters.JUnitReportReporter -->
<testsuite skipped="0" hostname="MTC-20180624XMT" name="configSelenium.ConfigSeleniumStart" tests="1" failures="0" timestamp="27 二月 2019 01:35:04 GMT" time="0.000" errors="1">
  <testcase name="ActdefAction" time="0.000" classname="configSelenium.ConfigSeleniumStart">
    <error type="org.testng.TestNGException" message="
Cannot inject @Test annotated Method [ActdefAction] with [interface org.openqa.selenium.WebDriver, class java.lang.String, class configSelenium.Entity.ProInfo.Prodef, class configSelenium.Entity.CommonConfig, interface java.util.Map, interface java.util.Map].
For more information on native dependency injection please refer to http://testng.org/doc/documentation-main.html#native-dependency-injection">
      <![CDATA[org.testng.TestNGException: 
Cannot inject @Test annotated Method [ActdefAction] with [interface org.openqa.selenium.WebDriver, class java.lang.String, class configSelenium.Entity.ProInfo.Prodef, class configSelenium.Entity.CommonConfig, interface java.util.Map, interface java.util.Map].
For more information on native dependency injection please refer to http://testng.org/doc/documentation-main.html#native-dependency-injection
at org.testng.internal.Parameters.checkParameterTypes(Parameters.java:407)
at org.testng.internal.Parameters.createParametersForMethod(Parameters.java:356)
at org.testng.internal.Parameters.createParameters(Parameters.java:635)
at org.testng.internal.Parameters.handleParameters(Parameters.java:769)
at org.testng.internal.ParameterHandler.handleParameters(ParameterHandler.java:49)
at org.testng.internal.ParameterHandler.createParameters(ParameterHandler.java:37)
at org.testng.internal.Invoker.invokeTestMethods(Invoker.java:924)
at org.testng.internal.TestMethodWorker.invokeTestMethods(TestMethodWorker.java:125)
at org.testng.internal.TestMethodWorker.run(TestMethodWorker.java:109)
at org.testng.TestRunner.privateRun(TestRunner.java:648)
at org.testng.TestRunner.run(TestRunner.java:505)
at org.testng.SuiteRunner.runTest(SuiteRunner.java:455)
at org.testng.SuiteRunner.runSequentially(SuiteRunner.java:450)
at org.testng.SuiteRunner.privateRun(SuiteRunner.java:415)
at org.testng.SuiteRunner.run(SuiteRunner.java:364)
at org.testng.SuiteRunnerWorker.runSuite(SuiteRunnerWorker.java:52)
at org.testng.SuiteRunnerWorker.run(SuiteRunnerWorker.java:84)
at org.testng.TestNG.runSuitesSequentially(TestNG.java:1208)
at org.testng.TestNG.runSuitesLocally(TestNG.java:1137)
at org.testng.TestNG.runSuites(TestNG.java:1049)
at org.testng.TestNG.run(TestNG.java:1017)
at selenium.debug_richang.main(debug_richang.java:51)
]]>
    </error>
  </testcase> <!-- ActdefAction -->
</testsuite> <!-- configSelenium.ConfigSeleniumStart -->
