<?xml version="1.0" encoding="UTF-8"?>
<testng-results skipped="0" failed="0" ignored="0" total="1" passed="1">
  <reporter-output>
    <line>
      <![CDATA[流程环节报错信息：org.openqa.selenium.TimeoutException: Timed out after 60 seconds waiting for element to be clickable: [[ChromeDriver: chrome on XP (68b709fbd3a1b254fcd68b8bf00e1a32)] -> xpath: //*[@id="fr-btn-"]/tbody/tr[2]/td[2]/em/button]
Build info: version: 'unknown', revision: 'unknown', time: 'unknown'
System info: host: 'SuperMan-Wangyan20180625', ip: '192.168.6.79', os.name: 'Windows 10', os.arch: 'amd64', os.version: '10.0', java.version: '1.8.0_131'
Driver info: org.openqa.selenium.chrome.ChromeDriver
Capabilities [{applicationCacheEnabled=false, rotatable=false, chrome={userDataDir=C:\Users\ADMINI~1\AppData\Local\Temp\scoped_dir10604_14690}, takesHeapSnapshot=true, databaseEnabled=false, handlesAlerts=true, version=34.0.1847.116, platform=XP, browserConnectionEnabled=false, nativeEvents=true, acceptSslCerts=true, locationContextEnabled=true, webStorageEnabled=true, browserName=chrome, takesScreenshot=true, javascriptEnabled=true, cssSelectorsEnabled=true}]
Session ID: 68b709fbd3a1b254fcd68b8bf00e1a32]]>
    </line>
    <line>
      <![CDATA[环节操作-报错截图2019-05-23 14_29<br/><img src="E:\work_space\js_de\debug\SeleniumConfig\bin\Debug\SootScreens\2019-05-23\14_32_13\环节操作-报错截图2019-05-23 14_29.png"  hight="300" width="300"  onclick="javascript:window.open(this.src);"/>]]>
    </line>
    <line>
      <![CDATA[流程环节报错信息：org.openqa.selenium.TimeoutException: Timed out after 60 seconds waiting for element to be clickable: [[ChromeDriver: chrome on XP (68b709fbd3a1b254fcd68b8bf00e1a32)] -> xpath: //*[@id="fr-btn-"]/tbody/tr[2]/td[2]/em/button]
Build info: version: 'unknown', revision: 'unknown', time: 'unknown'
System info: host: 'SuperMan-Wangyan20180625', ip: '192.168.6.79', os.name: 'Windows 10', os.arch: 'amd64', os.version: '10.0', java.version: '1.8.0_131'
Driver info: org.openqa.selenium.chrome.ChromeDriver
Capabilities [{applicationCacheEnabled=false, rotatable=false, chrome={userDataDir=C:\Users\ADMINI~1\AppData\Local\Temp\scoped_dir10604_14690}, takesHeapSnapshot=true, databaseEnabled=false, handlesAlerts=true, version=34.0.1847.116, platform=XP, browserConnectionEnabled=false, nativeEvents=true, acceptSslCerts=true, locationContextEnabled=true, webStorageEnabled=true, browserName=chrome, takesScreenshot=true, javascriptEnabled=true, cssSelectorsEnabled=true}]
Session ID: 68b709fbd3a1b254fcd68b8bf00e1a32]]>
    </line>
    <line>
      <![CDATA[环节操作-报错截图2019-05-23 14_29<br/><img src="E:\work_space\js_de\debug\SeleniumConfig\bin\Debug\SootScreens\2019-05-23\14_32_13\环节操作-报错截图2019-05-23 14_29.png"  hight="300" width="300"  onclick="javascript:window.open(this.src);"/>]]>
    </line>
    <line>
      <![CDATA[流程环节报错信息：org.openqa.selenium.TimeoutException: Timed out after 60 seconds waiting for element to be clickable: [[ChromeDriver: chrome on XP (68b709fbd3a1b254fcd68b8bf00e1a32)] -> xpath: //*[@id="fr-btn-"]/tbody/tr[2]/td[2]/em/button]
Build info: version: 'unknown', revision: 'unknown', time: 'unknown'
System info: host: 'SuperMan-Wangyan20180625', ip: '192.168.6.79', os.name: 'Windows 10', os.arch: 'amd64', os.version: '10.0', java.version: '1.8.0_131'
Driver info: org.openqa.selenium.chrome.ChromeDriver
Capabilities [{applicationCacheEnabled=false, rotatable=false, chrome={userDataDir=C:\Users\ADMINI~1\AppData\Local\Temp\scoped_dir10604_14690}, takesHeapSnapshot=true, databaseEnabled=false, handlesAlerts=true, version=34.0.1847.116, platform=XP, browserConnectionEnabled=false, nativeEvents=true, acceptSslCerts=true, locationContextEnabled=true, webStorageEnabled=true, browserName=chrome, takesScreenshot=true, javascriptEnabled=true, cssSelectorsEnabled=true}]
Session ID: 68b709fbd3a1b254fcd68b8bf00e1a32]]>
    </line>
    <line>
      <![CDATA[环节操作-报错截图2019-05-23 14_29<br/><img src="E:\work_space\js_de\debug\SeleniumConfig\bin\Debug\SootScreens\2019-05-23\14_32_13\环节操作-报错截图2019-05-23 14_29.png"  hight="300" width="300"  onclick="javascript:window.open(this.src);"/>]]>
    </line>
    <line>
      <![CDATA[执行报错信息：Timed out after 60 seconds waiting for element to be clickable: [[ChromeDriver: chrome on XP (68b709fbd3a1b254fcd68b8bf00e1a32)] -> xpath: //*[@id="fr-btn-"]/tbody/tr[2]/td[2]/em/button]
Build info: version: 'unknown', revision: 'unknown', time: 'unknown'
System info: host: 'SuperMan-Wangyan20180625', ip: '192.168.6.79', os.name: 'Windows 10', os.arch: 'amd64', os.version: '10.0', java.version: '1.8.0_131'
Driver info: org.openqa.selenium.chrome.ChromeDriver
Capabilities [{applicationCacheEnabled=false, rotatable=false, chrome={userDataDir=C:\Users\ADMINI~1\AppData\Local\Temp\scoped_dir10604_14690}, takesHeapSnapshot=true, databaseEnabled=false, handlesAlerts=true, version=34.0.1847.116, platform=XP, browserConnectionEnabled=false, nativeEvents=true, acceptSslCerts=true, locationContextEnabled=true, webStorageEnabled=true, browserName=chrome, takesScreenshot=true, javascriptEnabled=true, cssSelectorsEnabled=true}]
Session ID: 68b709fbd3a1b254fcd68b8bf00e1a32]]>
    </line>
    <line>
      <![CDATA[执行方案-报错截图2019-05-23 14_32_13<br/><img src="E:\work_space\js_de\debug\SeleniumConfig\bin\Debug\SootScreens\2019-05-23\14_32_13\执行方案-报错截图2019-05-23 14_32_13.png"  hight="300" width="300"  onclick="javascript:window.open(this.src);"/>]]>
    </line>
    <line>
      <![CDATA[强行退出]]>
    </line>
    <line>
      <![CDATA[业务号：20190523-0007231]]>
    </line>
    <line>
      <![CDATA[该流程未完成，请留意!]]>
    </line>
    <line>
      <![CDATA[]]>
    </line>
  </reporter-output>
  <suite name="119预购商品房预告登记-预购商品房预告登记-预购商品房预告登记-119-预购商品房预告登记-修改单元信息（王岩）" duration-ms="25" started-at="2019-05-23T06:32:14Z" finished-at="2019-05-23T06:32:14Z">
    <groups>
    </groups>
    <test name="断言详情查看" duration-ms="25" started-at="2019-05-23T06:32:14Z" finished-at="2019-05-23T06:32:14Z">
      <class name="Test.NoAssert">
        <test-method status="PASS" signature="showReport()[pri:0, instance:Test.NoAssert@1ffde4c8]" name="showReport" duration-ms="6" started-at="2019-05-23T06:32:14Z" finished-at="2019-05-23T06:32:14Z">
          <reporter-output>
            <line>
              <![CDATA[]]>
            </line>
          </reporter-output>
        </test-method> <!-- showReport -->
      </class> <!-- Test.NoAssert -->
    </test> <!-- 断言详情查看 -->
  </suite> <!-- 119预购商品房预告登记-预购商品房预告登记-预购商品房预告登记-119-预购商品房预告登记-修改单元信息（王岩） -->
</testng-results>
