<?xml version="1.0" encoding="UTF-8"?>
<testng-results skipped="0" failed="2" total="3" passed="1">
  <reporter-output>
    <line>
      <![CDATA[资料收取 17_16]]>
    </line>
    <line>
      <![CDATA[<br/><img src="D:\work_space\js_de\debug\SeleniumConfig\bin\Debug\SootScreens\2019-03-28\17_16\资料收取 17_16.png"  hight="300" width="300"  onclick="javascript:window.open(this.src);"/>]]>
    </line>
    <line>
      <![CDATA[大保存 17_17]]>
    </line>
    <line>
      <![CDATA[<br/><img src="D:\work_space\js_de\debug\SeleniumConfig\bin\Debug\SootScreens\2019-03-28\17_16\大保存 17_17.png"  hight="300" width="300"  onclick="javascript:window.open(this.src);"/>]]>
    </line>
    <line>
      <![CDATA[大保存 17_17(2)]]>
    </line>
    <line>
      <![CDATA[<br/><img src="D:\work_space\js_de\debug\SeleniumConfig\bin\Debug\SootScreens\2019-03-28\17_16\大保存 17_17(2).png"  hight="300" width="300" onclick="javascript:window.open(this.src);" />]]>
    </line>
    <line>
      <![CDATA[移交异常！转出校验信息为：核定意见未填写，请确认！]]>
    </line>
    <line>
      <![CDATA[资料收取 17_19]]>
    </line>
    <line>
      <![CDATA[<br/><img src="D:\work_space\js_de\debug\SeleniumConfig\bin\Debug\SootScreens\2019-03-28\17_16\资料收取 17_19.png"  hight="300" width="300"  onclick="javascript:window.open(this.src);"/>]]>
    </line>
    <line>
      <![CDATA[移交异常！转出校验信息为：]]>
    </line>
    <line>
      <![CDATA[<img src="D:\work_space\js_de\debug\SeleniumConfig\bin\Debug\Elementshoot\2019-03-28\17_16\申请人信息标题断言.png"  hight="200" width="200" onclick="javascript:window.open(this.src);"/>]]>
    </line>
    <line>
      <![CDATA[<img src="D:\work_space\js_de\debug\SeleniumConfig\bin\Debug\Elementshoot\2019-03-28\17_16\项目信息标题断言.png"  hight="200" width="200" onclick="javascript:window.open(this.src);"/>]]>
    </line>
    <line>
      <![CDATA[<img src="D:\work_space\js_de\debug\SeleniumConfig\bin\Debug\Elementshoot\2019-03-28\17_16\添加.png"  hight="200" width="200" onclick="javascript:window.open(this.src);"/>]]>
    </line>
    <line>
      <![CDATA[<img src="D:\work_space\js_de\debug\SeleniumConfig\bin\Debug\Elementshoot\2019-03-28\17_16\项目信息标题断言.png"  hight="200" width="200" onclick="javascript:window.open(this.src);"/>]]>
    </line>
    <line>
      <![CDATA[<img src="D:\work_space\js_de\debug\SeleniumConfig\bin\Debug\Elementshoot\2019-03-28\17_16\申请人信息标题断言.png"  hight="200" width="200" onclick="javascript:window.open(this.src);"/>]]>
    </line>
    <line>
      <![CDATA[<img src="D:\work_space\js_de\debug\SeleniumConfig\bin\Debug\Elementshoot\2019-03-28\17_16\项目信息标题断言.png"  hight="200" width="200" onclick="javascript:window.open(this.src);"/>]]>
    </line>
    <line>
      <![CDATA[<img src="D:\work_space\js_de\debug\SeleniumConfig\bin\Debug\Elementshoot\2019-03-28\17_16\添加.png"  hight="200" width="200" onclick="javascript:window.open(this.src);"/>]]>
    </line>
    <line>
      <![CDATA[<img src="D:\work_space\js_de\debug\SeleniumConfig\bin\Debug\Elementshoot\2019-03-28\17_16\申请人信息标题断言.png"  hight="200" width="200" onclick="javascript:window.open(this.src);"/>]]>
    </line>
    <line>
      <![CDATA[<img src="D:\work_space\js_de\debug\SeleniumConfig\bin\Debug\Elementshoot\2019-03-28\17_16\项目信息标题断言.png"  hight="200" width="200" onclick="javascript:window.open(this.src);"/>]]>
    </line>
    <line>
      <![CDATA[<img src="D:\work_space\js_de\debug\SeleniumConfig\bin\Debug\Elementshoot\2019-03-28\17_16\添加.png"  hight="200" width="200" onclick="javascript:window.open(this.src);"/>]]>
    </line>
  </reporter-output>
  <suite name="断言调试-国有建设用地使用权及房屋所有权（单套）-首次登记" duration-ms="82" started-at="2019-03-28T09:20:22Z" finished-at="2019-03-28T09:20:22Z">
    <groups>
    </groups>
    <test name="断言详情查看" duration-ms="82" started-at="2019-03-28T09:20:22Z" finished-at="2019-03-28T09:20:22Z">
      <class name="Test.DataProviderSet_Assert">
        <test-method status="PASS" signature="insetToExcel()[pri:0, instance:Test.DataProviderSet_Assert@574cd322]" name="insetToExcel" is-config="true" duration-ms="60" started-at="2019-03-28T17:20:22Z" finished-at="2019-03-28T17:20:22Z">
          <reporter-output>
          </reporter-output>
        </test-method> <!-- insetToExcel -->
        <test-method status="FAIL" signature="star(java.lang.String, java.lang.String, java.lang.String, java.lang.String)[pri:0, instance:Test.DataProviderSet_Assert@574cd322]" name="star" duration-ms="36" started-at="2019-03-28T17:20:22Z" data-provider="AssertData" finished-at="2019-03-28T17:20:22Z">
          <params>
            <param index="0">
              <value>
                <![CDATA[实际结果：申请人信息]]>
              </value>
            </param>
            <param index="1">
              <value>
                <![CDATA[预期结果：申请信息]]>
              </value>
            </param>
            <param index="2">
              <value>
                <![CDATA[申请人信息标题断言]]>
              </value>
            </param>
            <param index="3">
              <value>
                <![CDATA[D:\work_space\js_de\debug\SeleniumConfig\bin\Debug\Elementshoot\2019-03-28\17_16\申请人信息标题断言.png]]>
              </value>
            </param>
          </params>
          <exception class="org.junit.ComparisonFailure">
            <message>
              <![CDATA[expected:<"申请[]信息"> but was:<"申请[人]信息">]]>
            </message>
            <full-stacktrace>
              <![CDATA[org.junit.ComparisonFailure: expected:<"申请[]信息"> but was:<"申请[人]信息">
	at sun.reflect.NativeConstructorAccessorImpl.newInstance0(Native Method)
	at sun.reflect.NativeConstructorAccessorImpl.newInstance(Unknown Source)
	at sun.reflect.DelegatingConstructorAccessorImpl.newInstance(Unknown Source)
	at Test.DataProviderSet_Assert.star(DataProviderSet_Assert.java:31)
	at sun.reflect.NativeMethodAccessorImpl.invoke0(Native Method)
	at sun.reflect.NativeMethodAccessorImpl.invoke(Unknown Source)
	at sun.reflect.DelegatingMethodAccessorImpl.invoke(Unknown Source)
	at java.lang.reflect.Method.invoke(Unknown Source)
	at org.testng.internal.MethodInvocationHelper.invokeMethod(MethodInvocationHelper.java:84)
	at org.testng.internal.Invoker.invokeMethod(Invoker.java:714)
	at org.testng.internal.Invoker.invokeTestMethod(Invoker.java:901)
	at org.testng.internal.Invoker.invokeTestMethods(Invoker.java:1231)
	at org.testng.internal.TestMethodWorker.invokeTestMethods(TestMethodWorker.java:127)
	at org.testng.internal.TestMethodWorker.run(TestMethodWorker.java:111)
	at org.testng.TestRunner.privateRun(TestRunner.java:767)
	at org.testng.TestRunner.run(TestRunner.java:617)
	at org.testng.SuiteRunner.runTest(SuiteRunner.java:334)
	at org.testng.SuiteRunner.runSequentially(SuiteRunner.java:329)
	at org.testng.SuiteRunner.privateRun(SuiteRunner.java:291)
	at org.testng.SuiteRunner.run(SuiteRunner.java:240)
	at org.testng.SuiteRunnerWorker.runSuite(SuiteRunnerWorker.java:52)
	at org.testng.SuiteRunnerWorker.run(SuiteRunnerWorker.java:86)
	at org.testng.TestNG.runSuitesSequentially(TestNG.java:1224)
	at org.testng.TestNG.runSuitesLocally(TestNG.java:1149)
	at org.testng.TestNG.run(TestNG.java:1057)
	at configSelenium.ConfigSeleniumStart.dotestng(ConfigSeleniumStart.java:1122)
	at configSelenium.ConfigSeleniumStart.main(ConfigSeleniumStart.java:203)
]]>
            </full-stacktrace>
          </exception> <!-- org.junit.ComparisonFailure -->
          <reporter-output>
          </reporter-output>
        </test-method> <!-- star -->
        <test-method status="PASS" signature="afterMethod(org.testng.ITestResult)[pri:0, instance:Test.DataProviderSet_Assert@574cd322]" name="afterMethod" is-config="true" duration-ms="2" started-at="2019-03-28T17:20:22Z" finished-at="2019-03-28T17:20:22Z">
          <params>
            <param index="0">
              <value>
                <![CDATA[[TestResult name=star status=FAILURE method=DataProviderSet_Assert.star(java.lang.String, java.lang.String, java.lang.String, java.lang.String)[pri:0, instance:Test.DataProviderSet_Assert@574cd322] output={null}]]]>
              </value>
            </param>
          </params>
          <reporter-output>
            <line>
              <![CDATA[<img src="D:\work_space\js_de\debug\SeleniumConfig\bin\Debug\Elementshoot\2019-03-28\17_16\申请人信息标题断言.png"  hight="200" width="200" onclick="javascript:window.open(this.src);"/>]]>
            </line>
            <line>
              <![CDATA[<img src="D:\work_space\js_de\debug\SeleniumConfig\bin\Debug\Elementshoot\2019-03-28\17_16\项目信息标题断言.png"  hight="200" width="200" onclick="javascript:window.open(this.src);"/>]]>
            </line>
            <line>
              <![CDATA[<img src="D:\work_space\js_de\debug\SeleniumConfig\bin\Debug\Elementshoot\2019-03-28\17_16\添加.png"  hight="200" width="200" onclick="javascript:window.open(this.src);"/>]]>
            </line>
          </reporter-output>
        </test-method> <!-- afterMethod -->
        <test-method status="PASS" signature="star(java.lang.String, java.lang.String, java.lang.String, java.lang.String)[pri:0, instance:Test.DataProviderSet_Assert@574cd322]" name="star" duration-ms="3" started-at="2019-03-28T17:20:22Z" data-provider="AssertData" finished-at="2019-03-28T17:20:22Z">
          <params>
            <param index="0">
              <value>
                <![CDATA[实际结果：项目信息]]>
              </value>
            </param>
            <param index="1">
              <value>
                <![CDATA[预期结果：项目信息]]>
              </value>
            </param>
            <param index="2">
              <value>
                <![CDATA[项目信息标题断言]]>
              </value>
            </param>
            <param index="3">
              <value>
                <![CDATA[D:\work_space\js_de\debug\SeleniumConfig\bin\Debug\Elementshoot\2019-03-28\17_16\项目信息标题断言.png]]>
              </value>
            </param>
          </params>
          <reporter-output>
            <line>
              <![CDATA[<img src="D:\work_space\js_de\debug\SeleniumConfig\bin\Debug\Elementshoot\2019-03-28\17_16\项目信息标题断言.png"  hight="200" width="200" onclick="javascript:window.open(this.src);"/>]]>
            </line>
          </reporter-output>
        </test-method> <!-- star -->
        <test-method status="FAIL" signature="star(java.lang.String, java.lang.String, java.lang.String, java.lang.String)[pri:0, instance:Test.DataProviderSet_Assert@574cd322]" name="star" duration-ms="1" started-at="2019-03-28T17:20:22Z" data-provider="AssertData" finished-at="2019-03-28T17:20:22Z">
          <params>
            <param index="0">
              <value>
                <![CDATA[实际结果：    添加]]>
              </value>
            </param>
            <param index="1">
              <value>
                <![CDATA[预期结果：听]]>
              </value>
            </param>
            <param index="2">
              <value>
                <![CDATA[添加]]>
              </value>
            </param>
            <param index="3">
              <value>
                <![CDATA[D:\work_space\js_de\debug\SeleniumConfig\bin\Debug\Elementshoot\2019-03-28\17_16\添加.png]]>
              </value>
            </param>
          </params>
          <exception class="org.junit.ComparisonFailure">
            <message>
              <![CDATA[expected:<"[听]"> but was:<"[    添加]">]]>
            </message>
            <full-stacktrace>
              <![CDATA[org.junit.ComparisonFailure: expected:<"[听]"> but was:<"[    添加]">
	at sun.reflect.NativeConstructorAccessorImpl.newInstance0(Native Method)
	at sun.reflect.NativeConstructorAccessorImpl.newInstance(Unknown Source)
	at sun.reflect.DelegatingConstructorAccessorImpl.newInstance(Unknown Source)
	at Test.DataProviderSet_Assert.star(DataProviderSet_Assert.java:31)
	at sun.reflect.NativeMethodAccessorImpl.invoke0(Native Method)
	at sun.reflect.NativeMethodAccessorImpl.invoke(Unknown Source)
	at sun.reflect.DelegatingMethodAccessorImpl.invoke(Unknown Source)
	at java.lang.reflect.Method.invoke(Unknown Source)
	at org.testng.internal.MethodInvocationHelper.invokeMethod(MethodInvocationHelper.java:84)
	at org.testng.internal.Invoker.invokeMethod(Invoker.java:714)
	at org.testng.internal.Invoker.invokeTestMethod(Invoker.java:901)
	at org.testng.internal.Invoker.invokeTestMethods(Invoker.java:1231)
	at org.testng.internal.TestMethodWorker.invokeTestMethods(TestMethodWorker.java:127)
	at org.testng.internal.TestMethodWorker.run(TestMethodWorker.java:111)
	at org.testng.TestRunner.privateRun(TestRunner.java:767)
	at org.testng.TestRunner.run(TestRunner.java:617)
	at org.testng.SuiteRunner.runTest(SuiteRunner.java:334)
	at org.testng.SuiteRunner.runSequentially(SuiteRunner.java:329)
	at org.testng.SuiteRunner.privateRun(SuiteRunner.java:291)
	at org.testng.SuiteRunner.run(SuiteRunner.java:240)
	at org.testng.SuiteRunnerWorker.runSuite(SuiteRunnerWorker.java:52)
	at org.testng.SuiteRunnerWorker.run(SuiteRunnerWorker.java:86)
	at org.testng.TestNG.runSuitesSequentially(TestNG.java:1224)
	at org.testng.TestNG.runSuitesLocally(TestNG.java:1149)
	at org.testng.TestNG.run(TestNG.java:1057)
	at configSelenium.ConfigSeleniumStart.dotestng(ConfigSeleniumStart.java:1122)
	at configSelenium.ConfigSeleniumStart.main(ConfigSeleniumStart.java:203)
]]>
            </full-stacktrace>
          </exception> <!-- org.junit.ComparisonFailure -->
          <reporter-output>
          </reporter-output>
        </test-method> <!-- star -->
        <test-method status="PASS" signature="afterMethod(org.testng.ITestResult)[pri:0, instance:Test.DataProviderSet_Assert@574cd322]" name="afterMethod" is-config="true" duration-ms="0" started-at="2019-03-28T17:20:22Z" finished-at="2019-03-28T17:20:22Z">
          <params>
            <param index="0">
              <value>
                <![CDATA[[TestResult name=star status=SUCCESS method=DataProviderSet_Assert.star(java.lang.String, java.lang.String, java.lang.String, java.lang.String)[pri:0, instance:Test.DataProviderSet_Assert@574cd322] output=<img src="D:\work_space\js_de\debug\SeleniumConfig\bin\Debug\Elementshoot\2019-03-28\17_16\项目信息标题断言.png"  hight="200" width="200" onclick="javascript:window.open(this.src);"/>]]]>
              </value>
            </param>
          </params>
          <reporter-output>
            <line>
              <![CDATA[<img src="D:\work_space\js_de\debug\SeleniumConfig\bin\Debug\Elementshoot\2019-03-28\17_16\申请人信息标题断言.png"  hight="200" width="200" onclick="javascript:window.open(this.src);"/>]]>
            </line>
            <line>
              <![CDATA[<img src="D:\work_space\js_de\debug\SeleniumConfig\bin\Debug\Elementshoot\2019-03-28\17_16\项目信息标题断言.png"  hight="200" width="200" onclick="javascript:window.open(this.src);"/>]]>
            </line>
            <line>
              <![CDATA[<img src="D:\work_space\js_de\debug\SeleniumConfig\bin\Debug\Elementshoot\2019-03-28\17_16\添加.png"  hight="200" width="200" onclick="javascript:window.open(this.src);"/>]]>
            </line>
          </reporter-output>
        </test-method> <!-- afterMethod -->
        <test-method status="PASS" signature="afterMethod(org.testng.ITestResult)[pri:0, instance:Test.DataProviderSet_Assert@574cd322]" name="afterMethod" is-config="true" duration-ms="0" started-at="2019-03-28T17:20:22Z" finished-at="2019-03-28T17:20:22Z">
          <params>
            <param index="0">
              <value>
                <![CDATA[[TestResult name=star status=FAILURE method=DataProviderSet_Assert.star(java.lang.String, java.lang.String, java.lang.String, java.lang.String)[pri:0, instance:Test.DataProviderSet_Assert@574cd322] output={null}]]]>
              </value>
            </param>
          </params>
          <reporter-output>
            <line>
              <![CDATA[<img src="D:\work_space\js_de\debug\SeleniumConfig\bin\Debug\Elementshoot\2019-03-28\17_16\申请人信息标题断言.png"  hight="200" width="200" onclick="javascript:window.open(this.src);"/>]]>
            </line>
            <line>
              <![CDATA[<img src="D:\work_space\js_de\debug\SeleniumConfig\bin\Debug\Elementshoot\2019-03-28\17_16\项目信息标题断言.png"  hight="200" width="200" onclick="javascript:window.open(this.src);"/>]]>
            </line>
            <line>
              <![CDATA[<img src="D:\work_space\js_de\debug\SeleniumConfig\bin\Debug\Elementshoot\2019-03-28\17_16\添加.png"  hight="200" width="200" onclick="javascript:window.open(this.src);"/>]]>
            </line>
          </reporter-output>
        </test-method> <!-- afterMethod -->
        <test-method status="PASS" signature="deleteExcel()[pri:0, instance:Test.DataProviderSet_Assert@574cd322]" name="deleteExcel" is-config="true" duration-ms="5" started-at="2019-03-28T17:20:22Z" finished-at="2019-03-28T17:20:22Z">
          <reporter-output>
          </reporter-output>
        </test-method> <!-- deleteExcel -->
      </class> <!-- Test.DataProviderSet_Assert -->
    </test> <!-- 断言详情查看 -->
  </suite> <!-- 断言调试-国有建设用地使用权及房屋所有权（单套）-首次登记 -->
</testng-results>
