<?xml version="1.0" encoding="UTF-8"?>
<!-- Generated by org.testng.reporters.JUnitXMLReporter -->
<testsuite hostname="MTC-20180624XMT" name="断言详情查看" tests="5" failures="3" timestamp="14 Mar 2019 03:12:35 GMT" time="0.164" errors="0">
  <testcase name="star" time="0.048" classname="Test.DataProviderSet_Assert">
    <failure type="org.junit.ComparisonFailure" message="expected:&amp;lt;&amp;quot;申请人[]&amp;quot;&amp;gt; but was:&amp;lt;&amp;quot;申请人[信息]&amp;quot;&amp;gt;">
      <![CDATA[org.junit.ComparisonFailure: expected:<"申请人[]"> but was:<"申请人[信息]">
	at Test.DataProviderSet_Assert.star(DataProviderSet_Assert.java:29)
	at configSelenium.ConfigSeleniumStart.dotestng(ConfigSeleniumStart.java:1019)
	at configSelenium.ConfigSeleniumStart.ActdefAction(ConfigSeleniumStart.java:829)
	at configSelenium.ConfigSeleniumStart.main(ConfigSeleniumStart.java:199)
... Removed 24 stack frames]]>
    </failure>
  </testcase> <!-- star -->
  <testcase name="star" time="0.0" classname="Test.DataProviderSet_Assert"/>
  <testcase name="star" time="0.002" classname="Test.DataProviderSet_Assert"/>
  <testcase name="star" time="0.001" classname="Test.DataProviderSet_Assert">
    <failure type="org.junit.ComparisonFailure" message="expected:&amp;lt;&amp;quot;开发商名称[ ]&amp;quot;&amp;gt; but was:&amp;lt;&amp;quot;开发商名称[：]&amp;quot;&amp;gt;">
      <![CDATA[org.junit.ComparisonFailure: expected:<"开发商名称[ ]"> but was:<"开发商名称[：]">
	at Test.DataProviderSet_Assert.star(DataProviderSet_Assert.java:29)
	at configSelenium.ConfigSeleniumStart.dotestng(ConfigSeleniumStart.java:1019)
	at configSelenium.ConfigSeleniumStart.ActdefAction(ConfigSeleniumStart.java:829)
	at configSelenium.ConfigSeleniumStart.main(ConfigSeleniumStart.java:199)
... Removed 24 stack frames]]>
    </failure>
  </testcase> <!-- star -->
  <testcase name="star" time="0.001" classname="Test.DataProviderSet_Assert">
    <failure type="org.junit.ComparisonFailure" message="expected:&amp;lt;&amp;quot;项目[]&amp;quot;&amp;gt; but was:&amp;lt;&amp;quot;项目[名称：]&amp;quot;&amp;gt;">
      <![CDATA[org.junit.ComparisonFailure: expected:<"项目[]"> but was:<"项目[名称：]">
	at Test.DataProviderSet_Assert.star(DataProviderSet_Assert.java:29)
	at configSelenium.ConfigSeleniumStart.dotestng(ConfigSeleniumStart.java:1019)
	at configSelenium.ConfigSeleniumStart.ActdefAction(ConfigSeleniumStart.java:829)
	at configSelenium.ConfigSeleniumStart.main(ConfigSeleniumStart.java:199)
... Removed 24 stack frames]]>
    </failure>
  </testcase> <!-- star -->
</testsuite> <!-- 断言详情查看 -->
