<h2>Reporter output</h2><table><tr><td>流程环节报错信息：org.openqa.selenium.WebDriverException: unknown error: Element is not clickable at point (110, 14). Other element would receive the click: <div id="easyicon_cn_32showideasyicon_cn_32fullid" style="top: 0px; left: 0px; position: absolute; width: 1158px; height: 593px; background-color: gray; z-index: 9998; opacity: 0.4;"></div>
  (Session info: chrome=34.0.1847.116)
  (Driver info: chromedriver=2.9.248315,platform=Windows NT 6.3 x86_64) (WARNING: The server did not provide any stacktrace information)
Command duration or timeout: 25 milliseconds
Build info: version: 'unknown', revision: 'unknown', time: 'unknown'
System info: host: 'SuperMan-Wangyan20180625', ip: '192.168.6.79', os.name: 'Windows 10', os.arch: 'amd64', os.version: '10.0', java.version: '1.8.0_131'
Driver info: org.openqa.selenium.chrome.ChromeDriver
Capabilities [{applicationCacheEnabled=false, rotatable=false, chrome={userDataDir=C:\Users\ADMINI~1\AppData\Local\Temp\scoped_dir11180_19011}, takesHeapSnapshot=true, databaseEnabled=false, handlesAlerts=true, version=34.0.1847.116, platform=XP, browserConnectionEnabled=false, nativeEvents=true, acceptSslCerts=true, locationContextEnabled=true, webStorageEnabled=true, browserName=chrome, takesScreenshot=true, javascriptEnabled=true, cssSelectorsEnabled=true}]
Session ID: 172a7d5a26d548203e47e11e56468c12</td></tr>
<tr><td>环节操作-报错截图2019-05-15 21_09<br/><img src="E:\work_space\js_de\debug\SeleniumConfig\bin\Debug\SootScreens\2019-05-15\21_13\环节操作-报错截图2019-05-15 21_09.png"  hight="300" width="300"  onclick="javascript:window.open(this.src);"/></td></tr>
<tr><td>流程环节报错信息：org.openqa.selenium.WebDriverException: unknown error: Element is not clickable at point (110, 14). Other element would receive the click: <div id="easyicon_cn_32showideasyicon_cn_32fullid" style="top: 0px; left: 0px; position: absolute; width: 1158px; height: 593px; background-color: gray; z-index: 9998; opacity: 0.4;"></div>
  (Session info: chrome=34.0.1847.116)
  (Driver info: chromedriver=2.9.248315,platform=Windows NT 6.3 x86_64) (WARNING: The server did not provide any stacktrace information)
Command duration or timeout: 25 milliseconds
Build info: version: 'unknown', revision: 'unknown', time: 'unknown'
System info: host: 'SuperMan-Wangyan20180625', ip: '192.168.6.79', os.name: 'Windows 10', os.arch: 'amd64', os.version: '10.0', java.version: '1.8.0_131'
Driver info: org.openqa.selenium.chrome.ChromeDriver
Capabilities [{applicationCacheEnabled=false, rotatable=false, chrome={userDataDir=C:\Users\ADMINI~1\AppData\Local\Temp\scoped_dir11180_19011}, takesHeapSnapshot=true, databaseEnabled=false, handlesAlerts=true, version=34.0.1847.116, platform=XP, browserConnectionEnabled=false, nativeEvents=true, acceptSslCerts=true, locationContextEnabled=true, webStorageEnabled=true, browserName=chrome, takesScreenshot=true, javascriptEnabled=true, cssSelectorsEnabled=true}]
Session ID: 172a7d5a26d548203e47e11e56468c12</td></tr>
<tr><td>环节操作-报错截图2019-05-15 21_09<br/><img src="E:\work_space\js_de\debug\SeleniumConfig\bin\Debug\SootScreens\2019-05-15\21_13\环节操作-报错截图2019-05-15 21_09.png"  hight="300" width="300"  onclick="javascript:window.open(this.src);"/></td></tr>
<tr><td>流程环节报错信息：org.openqa.selenium.WebDriverException: unknown error: Element is not clickable at point (110, 14). Other element would receive the click: <div id="easyicon_cn_32showideasyicon_cn_32fullid" style="top: 0px; left: 0px; position: absolute; width: 1158px; height: 593px; background-color: gray; z-index: 9998; opacity: 0.4;"></div>
  (Session info: chrome=34.0.1847.116)
  (Driver info: chromedriver=2.9.248315,platform=Windows NT 6.3 x86_64) (WARNING: The server did not provide any stacktrace information)
Command duration or timeout: 25 milliseconds
Build info: version: 'unknown', revision: 'unknown', time: 'unknown'
System info: host: 'SuperMan-Wangyan20180625', ip: '192.168.6.79', os.name: 'Windows 10', os.arch: 'amd64', os.version: '10.0', java.version: '1.8.0_131'
Driver info: org.openqa.selenium.chrome.ChromeDriver
Capabilities [{applicationCacheEnabled=false, rotatable=false, chrome={userDataDir=C:\Users\ADMINI~1\AppData\Local\Temp\scoped_dir11180_19011}, takesHeapSnapshot=true, databaseEnabled=false, handlesAlerts=true, version=34.0.1847.116, platform=XP, browserConnectionEnabled=false, nativeEvents=true, acceptSslCerts=true, locationContextEnabled=true, webStorageEnabled=true, browserName=chrome, takesScreenshot=true, javascriptEnabled=true, cssSelectorsEnabled=true}]
Session ID: 172a7d5a26d548203e47e11e56468c12</td></tr>
<tr><td>环节操作-报错截图2019-05-15 21_09<br/><img src="E:\work_space\js_de\debug\SeleniumConfig\bin\Debug\SootScreens\2019-05-15\21_13\环节操作-报错截图2019-05-15 21_09.png"  hight="300" width="300"  onclick="javascript:window.open(this.src);"/></td></tr>
<tr><td>执行报错信息：unknown error: Element is not clickable at point (110, 14). Other element would receive the click: <div id="easyicon_cn_32showideasyicon_cn_32fullid" style="top: 0px; left: 0px; position: absolute; width: 1158px; height: 593px; background-color: gray; z-index: 9998; opacity: 0.4;"></div>
  (Session info: chrome=34.0.1847.116)
  (Driver info: chromedriver=2.9.248315,platform=Windows NT 6.3 x86_64) (WARNING: The server did not provide any stacktrace information)
Command duration or timeout: 25 milliseconds
Build info: version: 'unknown', revision: 'unknown', time: 'unknown'
System info: host: 'SuperMan-Wangyan20180625', ip: '192.168.6.79', os.name: 'Windows 10', os.arch: 'amd64', os.version: '10.0', java.version: '1.8.0_131'
Driver info: org.openqa.selenium.chrome.ChromeDriver
Capabilities [{applicationCacheEnabled=false, rotatable=false, chrome={userDataDir=C:\Users\ADMINI~1\AppData\Local\Temp\scoped_dir11180_19011}, takesHeapSnapshot=true, databaseEnabled=false, handlesAlerts=true, version=34.0.1847.116, platform=XP, browserConnectionEnabled=false, nativeEvents=true, acceptSslCerts=true, locationContextEnabled=true, webStorageEnabled=true, browserName=chrome, takesScreenshot=true, javascriptEnabled=true, cssSelectorsEnabled=true}]
Session ID: 172a7d5a26d548203e47e11e56468c12</td></tr>
<tr><td>执行方案-报错截图2019-05-15 21_09<br/><img src="E:\work_space\js_de\debug\SeleniumConfig\bin\Debug\SootScreens\2019-05-15\21_13\执行方案-报错截图2019-05-15 21_09.png"  hight="300" width="300"  onclick="javascript:window.open(this.src);"/></td></tr>
<tr><td>强行退出</td></tr>
<tr><td>该流程未完成，请留意!</td></tr>
<tr><td></td></tr>
<tr><td></td></tr>
<tr><td></td></tr>
<tr><td></td></tr>
</table>