<?xml version="1.0" encoding="UTF-8"?>
<testng-results skipped="0" failed="0" ignored="0" total="1" passed="1">
  <reporter-output>
    <line>
      <![CDATA[流程环节操作-报错信息：org.openqa.selenium.TimeoutException: Timed out after 60 seconds waiting for element to be clickable: [[ChromeDriver: chrome on XP (e24ae480436b0ade448f598be99c4831)] -> xpath: //*[@id=\"fr-btn-\"]/tbody/tr[2]/td[2]/em/button]
Build info: version: 'unknown', revision: 'unknown', time: 'unknown'
System info: host: 'SuperMan-Wangyan20180625', ip: '192.168.6.79', os.name: 'Windows 10', os.arch: 'amd64', os.version: '10.0', java.version: '1.8.0_131'
Driver info: org.openqa.selenium.chrome.ChromeDriver
Capabilities [{applicationCacheEnabled=false, rotatable=false, chrome={userDataDir=C:\Users\ADMINI~1\AppData\Local\Temp\scoped_dir5536_2801}, takesHeapSnapshot=true, databaseEnabled=false, handlesAlerts=true, version=34.0.1847.116, platform=XP, browserConnectionEnabled=false, nativeEvents=true, acceptSslCerts=true, locationContextEnabled=true, webStorageEnabled=true, browserName=chrome, takesScreenshot=true, javascriptEnabled=true, cssSelectorsEnabled=true}]
Session ID: e24ae480436b0ade448f598be99c4831]]>
    </line>
    <line>
      <![CDATA[环节操作-报错截图2019-05-23 14_54<br/><img src=\"E:\work_space\js_de\debug\SeleniumConfig\bin\Debug\SootScreens\2019-05-23\14_57_48\环节操作-报错截图2019-05-23 14_54.png\"  hight=\"300\" width=\"300\"  onclick=\"javascript:window.open(this.src);\"/>]]>
    </line>
    <line>
      <![CDATA[流程环节操作-报错信息：org.openqa.selenium.TimeoutException: Timed out after 60 seconds waiting for element to be clickable: [[ChromeDriver: chrome on XP (e24ae480436b0ade448f598be99c4831)] -> xpath: //*[@id=\"fr-btn-\"]/tbody/tr[2]/td[2]/em/button]
Build info: version: 'unknown', revision: 'unknown', time: 'unknown'
System info: host: 'SuperMan-Wangyan20180625', ip: '192.168.6.79', os.name: 'Windows 10', os.arch: 'amd64', os.version: '10.0', java.version: '1.8.0_131'
Driver info: org.openqa.selenium.chrome.ChromeDriver
Capabilities [{applicationCacheEnabled=false, rotatable=false, chrome={userDataDir=C:\Users\ADMINI~1\AppData\Local\Temp\scoped_dir5536_2801}, takesHeapSnapshot=true, databaseEnabled=false, handlesAlerts=true, version=34.0.1847.116, platform=XP, browserConnectionEnabled=false, nativeEvents=true, acceptSslCerts=true, locationContextEnabled=true, webStorageEnabled=true, browserName=chrome, takesScreenshot=true, javascriptEnabled=true, cssSelectorsEnabled=true}]
Session ID: e24ae480436b0ade448f598be99c4831]]>
    </line>
    <line>
      <![CDATA[流程环节操作-报错信息：java.lang.NullPointerException]]>
    </line>
    <line>
      <![CDATA[执行报错信息：no such window: target window already closed
from unknown error: web view not found
  (Session info: chrome=34.0.1847.116)
  (Driver info: chromedriver=2.9.248315,platform=Windows NT 6.3 x86_64) (WARNING: The server did not provide any stacktrace information)
Command duration or timeout: 3 milliseconds
Build info: version: 'unknown', revision: 'unknown', time: 'unknown'
System info: host: 'SuperMan-Wangyan20180625', ip: '192.168.6.79', os.name: 'Windows 10', os.arch: 'amd64', os.version: '10.0', java.version: '1.8.0_131'
Driver info: org.openqa.selenium.chrome.ChromeDriver
Capabilities [{applicationCacheEnabled=false, rotatable=false, chrome={userDataDir=C:\Users\ADMINI~1\AppData\Local\Temp\scoped_dir5536_2801}, takesHeapSnapshot=true, databaseEnabled=false, handlesAlerts=true, version=34.0.1847.116, platform=XP, browserConnectionEnabled=false, nativeEvents=true, acceptSslCerts=true, locationContextEnabled=true, webStorageEnabled=true, browserName=chrome, takesScreenshot=true, javascriptEnabled=true, cssSelectorsEnabled=true}]
Session ID: e24ae480436b0ade448f598be99c4831]]>
    </line>
    <line>
      <![CDATA[业务号：20190523-0007232]]>
    </line>
    <line>
      <![CDATA[该流程未完成，请留意!]]>
    </line>
    <line>
      <![CDATA[]]>
    </line>
  </reporter-output>
  <suite name="119预购商品房预告登记-预购商品房预告登记-预购商品房预告登记-119-预购商品房预告登记-修改单元信息（王岩）" duration-ms="41" started-at="2019-05-23T06:57:48Z" finished-at="2019-05-23T06:57:48Z">
    <groups>
    </groups>
    <test name="断言详情查看" duration-ms="41" started-at="2019-05-23T06:57:48Z" finished-at="2019-05-23T06:57:48Z">
      <class name="Test.NoAssert">
        <test-method status="PASS" signature="showReport()[pri:0, instance:Test.NoAssert@da2660a]" name="showReport" duration-ms="11" started-at="2019-05-23T06:57:48Z" finished-at="2019-05-23T06:57:48Z">
          <reporter-output>
            <line>
              <![CDATA[]]>
            </line>
          </reporter-output>
        </test-method> <!-- showReport -->
      </class> <!-- Test.NoAssert -->
    </test> <!-- 断言详情查看 -->
  </suite> <!-- 119预购商品房预告登记-预购商品房预告登记-预购商品房预告登记-119-预购商品房预告登记-修改单元信息（王岩） -->
</testng-results>
